2026-06-21 21:17:43,579 | INFO     | run | Univers : default → 10 tickers
2026-06-21 21:17:43,579 | INFO     | run | Période : 2022-01-01 → 2026-01-01
2026-06-21 21:17:47,782 | INFO     | MasterPipeline | ============================================================
2026-06-21 21:17:47,783 | INFO     | MasterPipeline | MASTER PIPELINE STARTED
2026-06-21 21:17:47,783 | INFO     | MasterPipeline | Universe: 10 tickers | 2022-01-01 → 2026-01-01
2026-06-21 21:17:47,783 | INFO     | MasterPipeline | ============================================================
2026-06-21 21:17:47,783 | INFO     | MasterPipeline | ▶ Data
2026-06-21 21:17:47,783 | INFO     | DataPipeline | Loading data for 10 tickers: 2022-01-01 → 2026-01-01
2026-06-21 21:17:52,402 | INFO     | DataPipeline | Prices shape: (9780, 5)
2026-06-21 21:18:01,244 | INFO     | DataPipeline | Fundamentals shape: (10, 172)
2026-06-21 21:18:01,267 | INFO     | DataPipeline | Returns shape: (977, 10)
2026-06-21 21:18:01,268 | INFO     | MasterPipeline | ✓ Data (13.49s)
2026-06-21 21:18:01,268 | INFO     | MasterPipeline | ▶ Features
2026-06-21 21:18:01,268 | INFO     | FeaturePipeline | Building feature matrix...
2026-06-21 21:18:01,418 | INFO     | FeaturePipeline | Features (long): (194013, 4)
2026-06-21 21:18:01,444 | INFO     | FeaturePipeline | Features (wide): (9780, 23)
2026-06-21 21:18:01,444 | INFO     | MasterPipeline | ✓ Features (0.18s)
2026-06-21 21:18:01,444 | INFO     | MasterPipeline | ▶ Research
2026-06-21 21:18:01,444 | INFO     | ResearchPipeline | Running research pipeline...
2026-06-21 21:18:03,417 | INFO     | ResearchPipeline | Valid factors: ['bollinger_pos', 'earnings_growth', 'mom_12m', 'mom_1m', 'mom_3m', 'mom_6m', 'rsi']
2026-06-21 21:18:03,417 | INFO     | MasterPipeline | ✓ Research (1.97s)
2026-06-21 21:18:03,417 | INFO     | MasterPipeline | ▶ Ideas
2026-06-21 21:18:03,417 | INFO     | IdeaPipeline | Generating ideas — regime: neutral
2026-06-21 21:18:03,417 | INFO     | InvestmentPipeline | Pipeline started
2026-06-21 21:18:03,421 | INFO     | InvestmentPipeline | Pipeline completed successfully
2026-06-21 21:18:03,421 | INFO     | IdeaPipeline | Longs: 1 | Shorts: 3
2026-06-21 21:18:03,421 | INFO     | MasterPipeline | ✓ Ideas (0.0s)
2026-06-21 21:18:03,421 | INFO     | MasterPipeline | ▶ Portfolio
2026-06-21 21:18:03,421 | INFO     | PortfolioPipeline | Construction du portefeuille — méthode: risk_parity
2026-06-21 21:18:03,422 | ERROR    | MasterPipeline | Pipeline failed: build_portfolio() got an unexpected keyword argument 'long_tickers'
Traceback (most recent call last):
  File "/Users/martinvanderstraten/full_project/pipelines/master_pipeline.py", line 96, in run
    out.portfolio = self._step(
                    ^^^^^^^^^^^
  File "/Users/martinvanderstraten/full_project/pipelines/master_pipeline.py", line 67, in _step
    result = fn()
             ^^^^
  File "/Users/martinvanderstraten/full_project/pipelines/master_pipeline.py", line 97, in <lambda>
    "Portfolio", lambda: self.portfolio_pipe.run(out.data.returns, all_ideas, self.portfolio_method), timings
                         ^^^^^^^^^^^^^^^^^^^^^^^^^^^^^^^^^^^^^^^^^^^^^^^^^^^^^^^^^^^^^^^^^^^^^^^^^^^
  File "/Users/martinvanderstraten/full_project/pipelines/portfolio_pipeline.py", line 61, in run
    port = build_portfolio(
           ^^^^^^^^^^^^^^^^
TypeError: build_portfolio() got an unexpected keyword argument 'long_tickers'
2026-06-21 21:18:03,423 | INFO     | MasterPipeline | MASTER PIPELINE COMPLETED in 15.64s | success=False
2026-06-21 21:18:03,423 | ERROR    | run | Pipeline échoué
2026-06-21 21:28:27,964 | INFO     | run | Univers : default → 10 tickers
2026-06-21 21:28:27,964 | INFO     | run | Période : 2022-01-01 → 2026-01-01
2026-06-21 21:28:29,312 | INFO     | MasterPipeline | ============================================================
2026-06-21 21:28:29,312 | INFO     | MasterPipeline | MASTER PIPELINE STARTED
2026-06-21 21:28:29,312 | INFO     | MasterPipeline | Universe: 10 tickers | 2022-01-01 → 2026-01-01
2026-06-21 21:28:29,312 | INFO     | MasterPipeline | ============================================================
2026-06-21 21:28:29,312 | INFO     | MasterPipeline | ▶ Data
2026-06-21 21:28:29,312 | INFO     | DataPipeline | Loading data for 10 tickers: 2022-01-01 → 2026-01-01
2026-06-21 21:28:29,346 | INFO     | DataPipeline | Prices shape: (9780, 5)
2026-06-21 21:28:34,640 | INFO     | DataPipeline | Fundamentals shape: (10, 172)
2026-06-21 21:28:34,661 | INFO     | DataPipeline | Returns shape: (977, 10)
2026-06-21 21:28:34,661 | INFO     | MasterPipeline | ✓ Data (5.35s)
2026-06-21 21:28:34,661 | INFO     | MasterPipeline | ▶ Features
2026-06-21 21:28:34,661 | INFO     | FeaturePipeline | Building feature matrix...
2026-06-21 21:28:34,802 | INFO     | FeaturePipeline | Features (long): (194013, 4)
2026-06-21 21:28:34,830 | INFO     | FeaturePipeline | Features (wide): (9780, 23)
2026-06-21 21:28:34,830 | INFO     | MasterPipeline | ✓ Features (0.17s)
2026-06-21 21:28:34,830 | INFO     | MasterPipeline | ▶ Research
2026-06-21 21:28:34,830 | INFO     | ResearchPipeline | Running research pipeline...
2026-06-21 21:28:36,788 | INFO     | ResearchPipeline | Valid factors: ['bollinger_pos', 'earnings_growth', 'mom_12m', 'mom_1m', 'mom_3m', 'mom_6m', 'rsi']
2026-06-21 21:28:36,788 | INFO     | MasterPipeline | ✓ Research (1.96s)
2026-06-21 21:28:36,788 | INFO     | MasterPipeline | ▶ Ideas
2026-06-21 21:28:36,788 | INFO     | IdeaPipeline | Generating ideas — regime: neutral
2026-06-21 21:28:36,788 | INFO     | InvestmentPipeline | Pipeline started
2026-06-21 21:28:36,792 | INFO     | InvestmentPipeline | Pipeline completed successfully
2026-06-21 21:28:36,792 | INFO     | IdeaPipeline | Longs: 1 | Shorts: 3
2026-06-21 21:28:36,792 | INFO     | MasterPipeline | ✓ Ideas (0.0s)
2026-06-21 21:28:36,792 | INFO     | MasterPipeline | ▶ Portfolio
2026-06-21 21:28:36,792 | INFO     | PortfolioPipeline | Construction du portefeuille — méthode: risk_parity
2026-06-21 21:28:36,800 | INFO     | PortfolioPipeline | Portefeuille: 7 longs / 3 shorts | Gross: 1.00 | Net: 0.41
2026-06-21 21:28:36,801 | INFO     | MasterPipeline | ✓ Portfolio (0.01s)
2026-06-21 21:28:36,801 | INFO     | MasterPipeline | ▶ Risk
2026-06-21 21:28:36,801 | INFO     | RiskPipeline | Computing risk metrics...
2026-06-21 21:28:36,802 | INFO     | MasterPipeline | ✓ Risk (0.0s)
2026-06-21 21:28:36,802 | INFO     | MasterPipeline | ▶ Execution
2026-06-21 21:28:36,802 | INFO     | ExecutionPipeline | Backtest mode — execution skipped
2026-06-21 21:28:36,802 | INFO     | MasterPipeline | ✓ Execution (0.0s)
2026-06-21 21:28:36,802 | INFO     | MasterPipeline | MASTER PIPELINE COMPLETED in 7.49s | success=True
2026-06-21 21:28:36,802 | INFO     | run | ━━━━━━━━━━━━━━━━━━━━━━━━━━━━━━━━━━━━━━━━━━━━━━━━━━━━━━━━━━━━
2026-06-21 21:28:36,802 | INFO     | run | RÉSULTATS PIPELINE
2026-06-21 21:28:36,802 | INFO     | run |   Longs  : 1
2026-06-21 21:28:36,802 | INFO     | run |   Shorts : 3
2026-06-21 21:28:36,802 | INFO     | run |   VaR    : 2.40%
2026-06-21 21:28:36,802 | INFO     | run |   Sharpe : 1.43
2026-06-21 21:28:36,802 | INFO     | run |   MaxDD  : -25.45%
2026-06-21 21:28:36,802 | INFO     | run | ━━━━━━━━━━━━━━━━━━━━━━━━━━━━━━━━━━━━━━━━━━━━━━━━━━━━━━━━━━━━
2026-06-23 14:40:57,541 | INFO     | run | Univers : default → 10 tickers
2026-06-23 14:40:57,542 | INFO     | run | Période : 2022-01-01 → 2026-01-01
2026-06-23 14:41:20,973 | INFO     | MasterPipeline | ============================================================
2026-06-23 14:41:20,974 | INFO     | MasterPipeline | MASTER PIPELINE STARTED
2026-06-23 14:41:20,974 | INFO     | MasterPipeline | Universe: 10 tickers | 2022-01-01 → 2026-01-01
2026-06-23 14:41:20,974 | INFO     | MasterPipeline | ============================================================
2026-06-23 14:41:20,974 | INFO     | MasterPipeline | ▶ Data
2026-06-23 14:41:20,974 | INFO     | DataPipeline | Loading data for 10 tickers: 2022-01-01 → 2026-01-01
2026-06-23 14:41:22,263 | INFO     | DataPipeline | Prices shape: (9780, 5)
2026-06-23 14:41:25,362 | INFO     | DataPipeline | Fundamentals shape: (10, 172)
2026-06-23 14:41:25,387 | INFO     | DataPipeline | Returns shape: (977, 10)
2026-06-23 14:41:25,387 | INFO     | MasterPipeline | ✓ Data (4.41s)
2026-06-23 14:41:25,387 | INFO     | MasterPipeline | ▶ Features
2026-06-23 14:41:25,387 | INFO     | FeaturePipeline | Building feature matrix...
2026-06-23 14:41:25,528 | INFO     | FeaturePipeline | Features (long): (194013, 4)
2026-06-23 14:41:25,557 | INFO     | FeaturePipeline | Features (wide): (9780, 23)
2026-06-23 14:41:25,557 | INFO     | MasterPipeline | ✓ Features (0.17s)
2026-06-23 14:41:25,557 | INFO     | MasterPipeline | ▶ Research
2026-06-23 14:41:25,557 | INFO     | ResearchPipeline | Running research pipeline...
2026-06-23 14:41:27,867 | INFO     | ResearchPipeline | Valid factors: ['bollinger_pos', 'earnings_growth', 'mom_12m', 'mom_1m', 'mom_3m', 'mom_6m', 'rsi']
2026-06-23 14:41:27,868 | INFO     | MasterPipeline | ✓ Research (2.31s)
2026-06-23 14:41:27,868 | INFO     | MasterPipeline | ▶ Ideas
2026-06-23 14:41:27,868 | INFO     | IdeaPipeline | Generating ideas — regime: neutral
2026-06-23 14:41:27,868 | INFO     | InvestmentPipeline | Pipeline started
2026-06-23 14:41:27,872 | INFO     | InvestmentPipeline | Pipeline completed successfully
2026-06-23 14:41:27,872 | INFO     | IdeaPipeline | Longs: 1 | Shorts: 3
2026-06-23 14:41:27,872 | INFO     | MasterPipeline | ✓ Ideas (0.0s)
2026-06-23 14:41:27,872 | INFO     | MasterPipeline | ▶ Portfolio
2026-06-23 14:41:27,872 | INFO     | PortfolioPipeline | Construction du portefeuille — méthode: risk_parity
2026-06-23 14:41:27,883 | INFO     | PortfolioPipeline | Portefeuille: 7 longs / 3 shorts | Gross: 1.00 | Net: 0.41
2026-06-23 14:41:27,883 | INFO     | MasterPipeline | ✓ Portfolio (0.01s)
2026-06-23 14:41:27,883 | INFO     | MasterPipeline | ▶ Risk
2026-06-23 14:41:27,883 | INFO     | RiskPipeline | Computing risk metrics...
2026-06-23 14:41:27,884 | INFO     | MasterPipeline | ✓ Risk (0.0s)
2026-06-23 14:41:27,884 | INFO     | MasterPipeline | ▶ Execution
2026-06-23 14:41:27,884 | INFO     | ExecutionPipeline | Backtest mode — execution skipped
2026-06-23 14:41:27,884 | INFO     | MasterPipeline | ✓ Execution (0.0s)
2026-06-23 14:41:27,884 | INFO     | MasterPipeline | MASTER PIPELINE COMPLETED in 6.91s | success=True
2026-06-23 14:41:27,884 | INFO     | run | ━━━━━━━━━━━━━━━━━━━━━━━━━━━━━━━━━━━━━━━━━━━━━━━━━━━━━━━━━━━━
2026-06-23 14:41:27,884 | INFO     | run | RÉSULTATS PIPELINE
2026-06-23 14:41:27,884 | INFO     | run |   Longs  : 1
2026-06-23 14:41:27,884 | INFO     | run |   Shorts : 3
2026-06-23 14:41:27,884 | INFO     | run |   VaR    : 2.40%
2026-06-23 14:41:27,884 | INFO     | run |   Sharpe : 1.43
2026-06-23 14:41:27,884 | INFO     | run |   MaxDD  : -25.45%
2026-06-23 14:41:27,884 | INFO     | run | ━━━━━━━━━━━━━━━━━━━━━━━━━━━━━━━━━━━━━━━━━━━━━━━━━━━━━━━━━━━━
2026-06-29 23:26:52,198 | INFO     | run | Univers : default → 10 tickers
2026-06-29 23:26:52,198 | INFO     | run | Période : 2022-01-01 → 2026-01-01
2026-06-29 23:27:27,381 | INFO     | MasterPipeline | ============================================================
2026-06-29 23:27:27,381 | INFO     | MasterPipeline | MASTER PIPELINE STARTED
2026-06-29 23:27:27,381 | INFO     | MasterPipeline | Universe: 10 tickers | 2022-01-01 → 2026-01-01
2026-06-29 23:27:27,381 | INFO     | MasterPipeline | ============================================================
2026-06-29 23:27:27,381 | INFO     | MasterPipeline | ▶ Data
2026-06-29 23:27:27,381 | INFO     | DataPipeline | Loading data for 10 tickers: 2022-01-01 → 2026-01-01
2026-06-29 23:27:28,318 | ERROR    | yfinance | Failed to get ticker '4519.T' reason: Expecting value: line 1 column 1 (char 0)
2026-06-29 23:27:28,319 | ERROR    | yfinance | Failed to get ticker '6301.T' reason: Expecting value: line 1 column 1 (char 0)
2026-06-29 23:27:28,319 | ERROR    | yfinance | Failed to get ticker '8306.T' reason: Expecting value: line 1 column 1 (char 0)
2026-06-29 23:27:28,319 | ERROR    | yfinance | Failed to get ticker '4063.T' reason: Expecting value: line 1 column 1 (char 0)
2026-06-29 23:27:28,326 | ERROR    | yfinance | Failed to get ticker '2914.T' reason: Expecting value: line 1 column 1 (char 0)
2026-06-29 23:27:28,329 | ERROR    | yfinance | Failed to get ticker '8802.T' reason: Expecting value: line 1 column 1 (char 0)
2026-06-29 23:27:28,329 | ERROR    | yfinance | Failed to get ticker '6758.T' reason: Expecting value: line 1 column 1 (char 0)
2026-06-29 23:27:28,329 | ERROR    | yfinance | Failed to get ticker '7203.T' reason: Expecting value: line 1 column 1 (char 0)
2026-06-29 23:27:28,590 | ERROR    | yfinance | Failed to get ticker '9984.T' reason: Expecting value: line 1 column 1 (char 0)
2026-06-29 23:27:28,590 | ERROR    | yfinance | Failed to get ticker '9983.T' reason: Expecting value: line 1 column 1 (char 0)
2026-06-29 23:27:28,599 | ERROR    | yfinance | 
10 Failed downloads:
2026-06-29 23:27:28,599 | ERROR    | yfinance | ['4519.T', '6301.T', '8306.T', '4063.T', '2914.T', '8802.T', '6758.T', '7203.T', '9984.T', '9983.T']: YFTzMissingError('$%ticker%: possibly delisted; no timezone found')
2026-06-29 23:27:28,629 | ERROR    | MasterPipeline | Pipeline failed: Les données de prix sont vides.
Traceback (most recent call last):
  File "/Users/martinvanderstraten/NKY_225/pipelines/master_pipeline.py", line 83, in run
    out.data = self._step(
               ^^^^^^^^^^^
  File "/Users/martinvanderstraten/NKY_225/pipelines/master_pipeline.py", line 67, in _step
    result = fn()
             ^^^^
  File "/Users/martinvanderstraten/NKY_225/pipelines/master_pipeline.py", line 84, in <lambda>
    "Data", lambda: self.data_pipe.run(self.tickers, self.start, self.end), timings
                    ^^^^^^^^^^^^^^^^^^^^^^^^^^^^^^^^^^^^^^^^^^^^^^^^^^^^^^
  File "/Users/martinvanderstraten/NKY_225/pipelines/data_pipeline.py", line 27, in run
    prices = self.ds.get_prices(tickers, start, end)
             ^^^^^^^^^^^^^^^^^^^^^^^^^^^^^^^^^^^^^^^
  File "/Users/martinvanderstraten/NKY_225/data/data_service.py", line 49, in get_prices
    return self.price_loader.load_prices(tickers, start, end)
           ^^^^^^^^^^^^^^^^^^^^^^^^^^^^^^^^^^^^^^^^^^^^^^^^^^
  File "/Users/martinvanderstraten/NKY_225/data/loaders/price_loader.py", line 83, in load_prices
    raise ValueError("Les données de prix sont vides.")
ValueError: Les données de prix sont vides.
2026-06-29 23:27:28,631 | INFO     | MasterPipeline | MASTER PIPELINE COMPLETED in 1.25s | success=False
2026-06-29 23:27:28,631 | ERROR    | run | Pipeline échoué
2026-06-30 06:29:45,994 | INFO     | run | Univers : default → 10 tickers
2026-06-30 06:29:45,995 | INFO     | run | Période : 2022-01-01 → 2026-01-01
2026-06-30 06:29:47,709 | INFO     | MasterPipeline | ============================================================
2026-06-30 06:29:47,709 | INFO     | MasterPipeline | MASTER PIPELINE STARTED
2026-06-30 06:29:47,709 | INFO     | MasterPipeline | Universe: 10 tickers | 2022-01-01 → 2026-01-01
2026-06-30 06:29:47,709 | INFO     | MasterPipeline | ============================================================
2026-06-30 06:29:47,709 | INFO     | MasterPipeline | ▶ Data
2026-06-30 06:29:47,710 | INFO     | DataPipeline | Loading data for 10 tickers: 2022-01-01 → 2026-01-01
2026-06-30 06:29:52,646 | ERROR    | yfinance | Failed to get ticker 'TTE.PA' reason: Expecting value: line 1 column 1 (char 0)
2026-06-30 06:29:52,646 | ERROR    | yfinance | Failed to get ticker 'BNP.PA' reason: Expecting value: line 1 column 1 (char 0)
2026-06-30 06:29:52,647 | ERROR    | yfinance | Failed to get ticker 'OR.PA' reason: Expecting value: line 1 column 1 (char 0)
2026-06-30 06:29:52,648 | ERROR    | yfinance | Failed to get ticker 'MC.PA' reason: Expecting value: line 1 column 1 (char 0)
2026-06-30 06:29:52,648 | ERROR    | yfinance | Failed to get ticker 'ASML.AS' reason: Expecting value: line 1 column 1 (char 0)
2026-06-30 06:29:52,661 | ERROR    | yfinance | Failed to get ticker 'AIR.PA' reason: Expecting value: line 1 column 1 (char 0)
2026-06-30 06:29:52,661 | ERROR    | yfinance | Failed to get ticker 'SAN.PA' reason: Expecting value: line 1 column 1 (char 0)
2026-06-30 06:29:52,691 | ERROR    | yfinance | Failed to get ticker 'SIE.DE' reason: Expecting value: line 1 column 1 (char 0)
2026-06-30 06:29:54,079 | ERROR    | yfinance | Failed to get ticker 'ALV.DE' reason: Expecting value: line 1 column 1 (char 0)
2026-06-30 06:29:54,079 | ERROR    | yfinance | Failed to get ticker 'SAP.DE' reason: Expecting value: line 1 column 1 (char 0)
2026-06-30 06:29:54,083 | ERROR    | yfinance | 
10 Failed downloads:
2026-06-30 06:29:54,083 | ERROR    | yfinance | ['TTE.PA', 'BNP.PA', 'OR.PA', 'MC.PA', 'ASML.AS', 'AIR.PA', 'SAN.PA', 'SIE.DE', 'ALV.DE', 'SAP.DE']: YFTzMissingError('$%ticker%: possibly delisted; no timezone found')
2026-06-30 06:29:54,109 | ERROR    | MasterPipeline | Pipeline failed: Les données de prix sont vides.
Traceback (most recent call last):
  File "/Users/martinvanderstraten/NKY_225/pipelines/master_pipeline.py", line 83, in run
    out.data = self._step(
               ^^^^^^^^^^^
  File "/Users/martinvanderstraten/NKY_225/pipelines/master_pipeline.py", line 67, in _step
    result = fn()
             ^^^^
  File "/Users/martinvanderstraten/NKY_225/pipelines/master_pipeline.py", line 84, in <lambda>
    "Data", lambda: self.data_pipe.run(self.tickers, self.start, self.end), timings
                    ^^^^^^^^^^^^^^^^^^^^^^^^^^^^^^^^^^^^^^^^^^^^^^^^^^^^^^
  File "/Users/martinvanderstraten/NKY_225/pipelines/data_pipeline.py", line 27, in run
    prices = self.ds.get_prices(tickers, start, end)
             ^^^^^^^^^^^^^^^^^^^^^^^^^^^^^^^^^^^^^^^
  File "/Users/martinvanderstraten/NKY_225/data/data_service.py", line 49, in get_prices
    return self.price_loader.load_prices(tickers, start, end)
           ^^^^^^^^^^^^^^^^^^^^^^^^^^^^^^^^^^^^^^^^^^^^^^^^^^
  File "/Users/martinvanderstraten/NKY_225/data/loaders/price_loader.py", line 83, in load_prices
    raise ValueError("Les données de prix sont vides.")
ValueError: Les données de prix sont vides.
2026-06-30 06:29:54,111 | INFO     | MasterPipeline | MASTER PIPELINE COMPLETED in 6.4s | success=False
2026-06-30 06:29:54,111 | ERROR    | run | Pipeline échoué
2026-06-30 06:40:31,060 | INFO     | run | Univers : default → 10 tickers
2026-06-30 06:40:31,060 | INFO     | run | Période : 2022-01-01 → 2026-01-01
2026-06-30 06:40:33,577 | INFO     | MasterPipeline | ============================================================
2026-06-30 06:40:33,577 | INFO     | MasterPipeline | MASTER PIPELINE STARTED
2026-06-30 06:40:33,577 | INFO     | MasterPipeline | Universe: 10 tickers | 2022-01-01 → 2026-01-01
2026-06-30 06:40:33,577 | INFO     | MasterPipeline | ============================================================
2026-06-30 06:40:33,577 | INFO     | MasterPipeline | ▶ Data
2026-06-30 06:40:33,577 | INFO     | DataPipeline | Loading data for 10 tickers: 2022-01-01 → 2026-01-01
2026-06-30 06:40:33,579 | ERROR    | MasterPipeline | Pipeline failed: Les données de prix sont vides. Cause probable : yfinance obsolète (Yahoo a changé son API). Corrigez avec : pip install -U 'yfinance>=1.5.1' curl_cffi
Traceback (most recent call last):
  File "/Users/martinvanderstraten/NKY_225/pipelines/master_pipeline.py", line 83, in run
    out.data = self._step(
               ^^^^^^^^^^^
  File "/Users/martinvanderstraten/NKY_225/pipelines/master_pipeline.py", line 67, in _step
    result = fn()
             ^^^^
  File "/Users/martinvanderstraten/NKY_225/pipelines/master_pipeline.py", line 84, in <lambda>
    "Data", lambda: self.data_pipe.run(self.tickers, self.start, self.end), timings
                    ^^^^^^^^^^^^^^^^^^^^^^^^^^^^^^^^^^^^^^^^^^^^^^^^^^^^^^
  File "/Users/martinvanderstraten/NKY_225/pipelines/data_pipeline.py", line 27, in run
    prices = self.ds.get_prices(tickers, start, end)
             ^^^^^^^^^^^^^^^^^^^^^^^^^^^^^^^^^^^^^^^
  File "/Users/martinvanderstraten/NKY_225/data/data_service.py", line 49, in get_prices
    return self.price_loader.load_prices(tickers, start, end)
           ^^^^^^^^^^^^^^^^^^^^^^^^^^^^^^^^^^^^^^^^^^^^^^^^^^
  File "/Users/martinvanderstraten/NKY_225/data/loaders/price_loader.py", line 86, in load_prices
    raise ValueError(
ValueError: Les données de prix sont vides. Cause probable : yfinance obsolète (Yahoo a changé son API). Corrigez avec : pip install -U 'yfinance>=1.5.1' curl_cffi
2026-06-30 06:40:33,580 | INFO     | MasterPipeline | MASTER PIPELINE COMPLETED in 0.0s | success=False
2026-06-30 06:40:33,580 | ERROR    | run | Pipeline échoué
2026-06-30 06:58:45,987 | INFO     | run | Univers : default → 10 tickers
2026-06-30 06:58:45,988 | INFO     | run | Période : 2022-01-01 → 2026-01-01
2026-06-30 06:58:47,088 | INFO     | MasterPipeline | ============================================================
2026-06-30 06:58:47,088 | INFO     | MasterPipeline | MASTER PIPELINE STARTED
2026-06-30 06:58:47,088 | INFO     | MasterPipeline | Universe: 10 tickers | 2022-01-01 → 2026-01-01
2026-06-30 06:58:47,088 | INFO     | MasterPipeline | ============================================================
2026-06-30 06:58:47,088 | INFO     | MasterPipeline | ▶ Data
2026-06-30 06:58:47,088 | INFO     | DataPipeline | Loading data for 10 tickers: 2022-01-01 → 2026-01-01
2026-06-30 06:58:47,090 | ERROR    | MasterPipeline | Pipeline failed: Les données de prix sont vides. Cause probable : yfinance obsolète (Yahoo a changé son API). Corrigez avec : pip install -U 'yfinance>=1.5.1' curl_cffi
Traceback (most recent call last):
  File "/Users/martinvanderstraten/NKY_225/pipelines/master_pipeline.py", line 83, in run
    out.data = self._step(
               ^^^^^^^^^^^
  File "/Users/martinvanderstraten/NKY_225/pipelines/master_pipeline.py", line 67, in _step
    result = fn()
             ^^^^
  File "/Users/martinvanderstraten/NKY_225/pipelines/master_pipeline.py", line 84, in <lambda>
    "Data", lambda: self.data_pipe.run(self.tickers, self.start, self.end), timings
                    ^^^^^^^^^^^^^^^^^^^^^^^^^^^^^^^^^^^^^^^^^^^^^^^^^^^^^^
  File "/Users/martinvanderstraten/NKY_225/pipelines/data_pipeline.py", line 27, in run
    prices = self.ds.get_prices(tickers, start, end)
             ^^^^^^^^^^^^^^^^^^^^^^^^^^^^^^^^^^^^^^^
  File "/Users/martinvanderstraten/NKY_225/data/data_service.py", line 49, in get_prices
    return self.price_loader.load_prices(tickers, start, end)
           ^^^^^^^^^^^^^^^^^^^^^^^^^^^^^^^^^^^^^^^^^^^^^^^^^^
  File "/Users/martinvanderstraten/NKY_225/data/loaders/price_loader.py", line 86, in load_prices
    raise ValueError(
ValueError: Les données de prix sont vides. Cause probable : yfinance obsolète (Yahoo a changé son API). Corrigez avec : pip install -U 'yfinance>=1.5.1' curl_cffi
2026-06-30 06:58:47,091 | INFO     | MasterPipeline | MASTER PIPELINE COMPLETED in 0.0s | success=False
2026-06-30 06:58:47,091 | ERROR    | run | Pipeline échoué
2026-06-30 07:04:02,707 | INFO     | run | Univers : default → 10 tickers
2026-06-30 07:04:02,707 | INFO     | run | Période : 2022-01-01 → 2026-01-01
2026-06-30 07:04:03,859 | INFO     | MasterPipeline | ============================================================
2026-06-30 07:04:03,860 | INFO     | MasterPipeline | MASTER PIPELINE STARTED
2026-06-30 07:04:03,860 | INFO     | MasterPipeline | Universe: 10 tickers | 2022-01-01 → 2026-01-01
2026-06-30 07:04:03,860 | INFO     | MasterPipeline | ============================================================
2026-06-30 07:04:03,860 | INFO     | MasterPipeline | ▶ Data
2026-06-30 07:04:03,860 | INFO     | DataPipeline | Loading data for 10 tickers: 2022-01-01 → 2026-01-01
2026-06-30 07:04:03,861 | ERROR    | MasterPipeline | Pipeline failed: Les données de prix sont vides. Cause probable : yfinance obsolète (Yahoo a changé son API). Corrigez avec : pip install -U 'yfinance>=1.5.1' curl_cffi
Traceback (most recent call last):
  File "/Users/martinvanderstraten/NKY_225/pipelines/master_pipeline.py", line 83, in run
    out.data = self._step(
               ^^^^^^^^^^^
  File "/Users/martinvanderstraten/NKY_225/pipelines/master_pipeline.py", line 67, in _step
    result = fn()
             ^^^^
  File "/Users/martinvanderstraten/NKY_225/pipelines/master_pipeline.py", line 84, in <lambda>
    "Data", lambda: self.data_pipe.run(self.tickers, self.start, self.end), timings
                    ^^^^^^^^^^^^^^^^^^^^^^^^^^^^^^^^^^^^^^^^^^^^^^^^^^^^^^
  File "/Users/martinvanderstraten/NKY_225/pipelines/data_pipeline.py", line 27, in run
    prices = self.ds.get_prices(tickers, start, end)
             ^^^^^^^^^^^^^^^^^^^^^^^^^^^^^^^^^^^^^^^
  File "/Users/martinvanderstraten/NKY_225/data/data_service.py", line 49, in get_prices
    return self.price_loader.load_prices(tickers, start, end)
           ^^^^^^^^^^^^^^^^^^^^^^^^^^^^^^^^^^^^^^^^^^^^^^^^^^
  File "/Users/martinvanderstraten/NKY_225/data/loaders/price_loader.py", line 93, in load_prices
    raise ValueError(
ValueError: Les données de prix sont vides. Cause probable : yfinance obsolète (Yahoo a changé son API). Corrigez avec : pip install -U 'yfinance>=1.5.1' curl_cffi
2026-06-30 07:04:03,862 | INFO     | MasterPipeline | MASTER PIPELINE COMPLETED in 0.0s | success=False
2026-06-30 07:04:03,862 | ERROR    | run | Pipeline échoué
2026-06-30 09:09:40,439 | INFO     | run | Univers : default → 10 tickers
2026-06-30 09:09:40,440 | INFO     | run | Période : 2022-01-01 → 2026-01-01
2026-06-30 09:10:17,599 | INFO     | run | Univers : default → 10 tickers
2026-06-30 09:10:17,600 | INFO     | run | Période : 2022-01-01 → 2026-01-01
2026-06-30 09:10:18,927 | INFO     | MasterPipeline | ============================================================
2026-06-30 09:10:18,927 | INFO     | MasterPipeline | MASTER PIPELINE STARTED
2026-06-30 09:10:18,927 | INFO     | MasterPipeline | Universe: 10 tickers | 2022-01-01 → 2026-01-01
2026-06-30 09:10:18,927 | INFO     | MasterPipeline | ============================================================
2026-06-30 09:10:18,927 | INFO     | MasterPipeline | ▶ Data
2026-06-30 09:10:18,927 | INFO     | DataPipeline | Loading data for 10 tickers: 2022-01-01 → 2026-01-01
2026-06-30 09:10:18,929 | ERROR    | MasterPipeline | Pipeline failed: Les données de prix sont vides. Cause probable : yfinance obsolète (Yahoo a changé son API). Corrigez avec : pip install -U 'yfinance>=1.5.1' curl_cffi
Traceback (most recent call last):
  File "/Users/martinvanderstraten/NKY_225/pipelines/master_pipeline.py", line 83, in run
    out.data = self._step(
               ^^^^^^^^^^^
  File "/Users/martinvanderstraten/NKY_225/pipelines/master_pipeline.py", line 67, in _step
    result = fn()
             ^^^^
  File "/Users/martinvanderstraten/NKY_225/pipelines/master_pipeline.py", line 84, in <lambda>
    "Data", lambda: self.data_pipe.run(self.tickers, self.start, self.end), timings
                    ^^^^^^^^^^^^^^^^^^^^^^^^^^^^^^^^^^^^^^^^^^^^^^^^^^^^^^
  File "/Users/martinvanderstraten/NKY_225/pipelines/data_pipeline.py", line 27, in run
    prices = self.ds.get_prices(tickers, start, end)
             ^^^^^^^^^^^^^^^^^^^^^^^^^^^^^^^^^^^^^^^
  File "/Users/martinvanderstraten/NKY_225/data/data_service.py", line 49, in get_prices
    return self.price_loader.load_prices(tickers, start, end)
           ^^^^^^^^^^^^^^^^^^^^^^^^^^^^^^^^^^^^^^^^^^^^^^^^^^
  File "/Users/martinvanderstraten/NKY_225/data/loaders/price_loader.py", line 93, in load_prices
    raise ValueError(
ValueError: Les données de prix sont vides. Cause probable : yfinance obsolète (Yahoo a changé son API). Corrigez avec : pip install -U 'yfinance>=1.5.1' curl_cffi
2026-06-30 09:10:18,929 | INFO     | MasterPipeline | MASTER PIPELINE COMPLETED in 0.0s | success=False
2026-06-30 09:10:18,930 | ERROR    | run | Pipeline échoué
2026-06-30 09:15:01,556 | INFO     | run | Univers : default → 10 tickers
2026-06-30 09:15:01,557 | INFO     | run | Période : 2022-01-01 → 2026-01-01
2026-06-30 09:15:21,408 | INFO     | MasterPipeline | ============================================================
2026-06-30 09:15:21,409 | INFO     | MasterPipeline | MASTER PIPELINE STARTED
2026-06-30 09:15:21,409 | INFO     | MasterPipeline | Universe: 10 tickers | 2022-01-01 → 2026-01-01
2026-06-30 09:15:21,409 | INFO     | MasterPipeline | ============================================================
2026-06-30 09:15:21,409 | INFO     | MasterPipeline | ▶ Data
2026-06-30 09:15:21,409 | INFO     | DataPipeline | Loading data for 10 tickers: 2022-01-01 → 2026-01-01
2026-06-30 09:15:21,409 | ERROR    | MasterPipeline | Pipeline failed: Les données de prix sont vides. Cause probable : yfinance obsolète (Yahoo a changé son API). Corrigez avec : pip install -U 'yfinance>=1.5.1' curl_cffi
Traceback (most recent call last):
  File "/Users/martinvanderstraten/NKY_225/pipelines/master_pipeline.py", line 83, in run
    out.data = self._step(
               ^^^^^^^^^^^
  File "/Users/martinvanderstraten/NKY_225/pipelines/master_pipeline.py", line 67, in _step
    result = fn()
             ^^^^
  File "/Users/martinvanderstraten/NKY_225/pipelines/master_pipeline.py", line 84, in <lambda>
    "Data", lambda: self.data_pipe.run(self.tickers, self.start, self.end), timings
                    ^^^^^^^^^^^^^^^^^^^^^^^^^^^^^^^^^^^^^^^^^^^^^^^^^^^^^^
  File "/Users/martinvanderstraten/NKY_225/pipelines/data_pipeline.py", line 27, in run
    prices = self.ds.get_prices(tickers, start, end)
             ^^^^^^^^^^^^^^^^^^^^^^^^^^^^^^^^^^^^^^^
  File "/Users/martinvanderstraten/NKY_225/data/data_service.py", line 49, in get_prices
    return self.price_loader.load_prices(tickers, start, end)
           ^^^^^^^^^^^^^^^^^^^^^^^^^^^^^^^^^^^^^^^^^^^^^^^^^^
  File "/Users/martinvanderstraten/NKY_225/data/loaders/price_loader.py", line 93, in load_prices
    raise ValueError(
ValueError: Les données de prix sont vides. Cause probable : yfinance obsolète (Yahoo a changé son API). Corrigez avec : pip install -U 'yfinance>=1.5.1' curl_cffi
2026-06-30 09:15:21,411 | INFO     | MasterPipeline | MASTER PIPELINE COMPLETED in 0.0s | success=False
2026-06-30 09:15:21,411 | ERROR    | run | Pipeline échoué
2026-06-30 09:15:53,519 | INFO     | run | Univers : default → 10 tickers
2026-06-30 09:15:53,519 | INFO     | run | Période : 2022-01-01 → 2026-01-01
2026-06-30 09:15:54,483 | INFO     | MasterPipeline | ============================================================
2026-06-30 09:15:54,483 | INFO     | MasterPipeline | MASTER PIPELINE STARTED
2026-06-30 09:15:54,483 | INFO     | MasterPipeline | Universe: 10 tickers | 2022-01-01 → 2026-01-01
2026-06-30 09:15:54,483 | INFO     | MasterPipeline | ============================================================
2026-06-30 09:15:54,483 | INFO     | MasterPipeline | ▶ Data
2026-06-30 09:15:54,483 | INFO     | DataPipeline | Loading data for 10 tickers: 2022-01-01 → 2026-01-01
2026-06-30 09:15:54,484 | ERROR    | MasterPipeline | Pipeline failed: Les données de prix sont vides. Cause probable : yfinance obsolète (Yahoo a changé son API). Corrigez avec : pip install -U 'yfinance>=1.5.1' curl_cffi
Traceback (most recent call last):
  File "/Users/martinvanderstraten/NKY_225/pipelines/master_pipeline.py", line 83, in run
    out.data = self._step(
               ^^^^^^^^^^^
  File "/Users/martinvanderstraten/NKY_225/pipelines/master_pipeline.py", line 67, in _step
    result = fn()
             ^^^^
  File "/Users/martinvanderstraten/NKY_225/pipelines/master_pipeline.py", line 84, in <lambda>
    "Data", lambda: self.data_pipe.run(self.tickers, self.start, self.end), timings
                    ^^^^^^^^^^^^^^^^^^^^^^^^^^^^^^^^^^^^^^^^^^^^^^^^^^^^^^
  File "/Users/martinvanderstraten/NKY_225/pipelines/data_pipeline.py", line 27, in run
    prices = self.ds.get_prices(tickers, start, end)
             ^^^^^^^^^^^^^^^^^^^^^^^^^^^^^^^^^^^^^^^
  File "/Users/martinvanderstraten/NKY_225/data/data_service.py", line 49, in get_prices
    return self.price_loader.load_prices(tickers, start, end)
           ^^^^^^^^^^^^^^^^^^^^^^^^^^^^^^^^^^^^^^^^^^^^^^^^^^
  File "/Users/martinvanderstraten/NKY_225/data/loaders/price_loader.py", line 93, in load_prices
    raise ValueError(
ValueError: Les données de prix sont vides. Cause probable : yfinance obsolète (Yahoo a changé son API). Corrigez avec : pip install -U 'yfinance>=1.5.1' curl_cffi
2026-06-30 09:15:54,485 | INFO     | MasterPipeline | MASTER PIPELINE COMPLETED in 0.0s | success=False
2026-06-30 09:15:54,485 | ERROR    | run | Pipeline échoué
2026-06-30 09:20:57,076 | INFO     | run | Univers : default → 10 tickers
2026-06-30 09:20:57,076 | INFO     | run | Période : 2022-01-01 → 2026-01-01
2026-06-30 09:25:07,876 | INFO     | run | Univers : default → 10 tickers
2026-06-30 09:25:07,876 | INFO     | run | Période : 2022-01-01 → 2026-01-01
2026-06-30 09:26:04,104 | INFO     | run | Univers : default → 10 tickers
2026-06-30 09:26:04,105 | INFO     | run | Période : 2022-01-01 → 2026-01-01
2026-06-30 09:31:49,979 | INFO     | run | Univers : default → 10 tickers
2026-06-30 09:31:49,980 | INFO     | run | Période : 2022-01-01 → 2026-01-01
2026-06-30 09:36:24,722 | INFO     | run | Univers : default → 10 tickers
2026-06-30 09:36:24,722 | INFO     | run | Période : 2022-01-01 → 2026-01-01
2026-06-30 09:36:26,152 | INFO     | MasterPipeline | ============================================================
2026-06-30 09:36:26,152 | INFO     | MasterPipeline | MASTER PIPELINE STARTED
2026-06-30 09:36:26,152 | INFO     | MasterPipeline | Universe: 10 tickers | 2022-01-01 → 2026-01-01
2026-06-30 09:36:26,152 | INFO     | MasterPipeline | ============================================================
2026-06-30 09:36:26,152 | INFO     | MasterPipeline | ▶ Data
2026-06-30 09:36:26,152 | INFO     | DataPipeline | Loading data for 10 tickers: 2022-01-01 → 2026-01-01
2026-06-30 09:36:26,153 | ERROR    | MasterPipeline | Pipeline failed: Les données de prix sont vides. Cause probable : yfinance obsolète (Yahoo a changé son API). Corrigez avec : pip install -U 'yfinance>=1.5.1' curl_cffi
Traceback (most recent call last):
  File "/Users/martinvanderstraten/NKY_225/pipelines/master_pipeline.py", line 83, in run
    out.data = self._step(
               ^^^^^^^^^^^
  File "/Users/martinvanderstraten/NKY_225/pipelines/master_pipeline.py", line 67, in _step
    result = fn()
             ^^^^
  File "/Users/martinvanderstraten/NKY_225/pipelines/master_pipeline.py", line 84, in <lambda>
    "Data", lambda: self.data_pipe.run(self.tickers, self.start, self.end), timings
                    ^^^^^^^^^^^^^^^^^^^^^^^^^^^^^^^^^^^^^^^^^^^^^^^^^^^^^^
  File "/Users/martinvanderstraten/NKY_225/pipelines/data_pipeline.py", line 27, in run
    prices = self.ds.get_prices(tickers, start, end)
             ^^^^^^^^^^^^^^^^^^^^^^^^^^^^^^^^^^^^^^^
  File "/Users/martinvanderstraten/NKY_225/data/data_service.py", line 49, in get_prices
    return self.price_loader.load_prices(tickers, start, end)
           ^^^^^^^^^^^^^^^^^^^^^^^^^^^^^^^^^^^^^^^^^^^^^^^^^^
  File "/Users/martinvanderstraten/NKY_225/data/loaders/price_loader.py", line 93, in load_prices
    raise ValueError(
ValueError: Les données de prix sont vides. Cause probable : yfinance obsolète (Yahoo a changé son API). Corrigez avec : pip install -U 'yfinance>=1.5.1' curl_cffi
2026-06-30 09:36:26,154 | INFO     | MasterPipeline | MASTER PIPELINE COMPLETED in 0.0s | success=False
2026-06-30 09:36:26,154 | ERROR    | run | Pipeline échoué
2026-06-30 09:36:58,555 | INFO     | run | Univers : default → 10 tickers
2026-06-30 09:36:58,555 | INFO     | run | Période : 2022-01-01 → 2026-01-01
2026-06-30 09:36:59,543 | INFO     | MasterPipeline | ============================================================
2026-06-30 09:36:59,543 | INFO     | MasterPipeline | MASTER PIPELINE STARTED
2026-06-30 09:36:59,543 | INFO     | MasterPipeline | Universe: 10 tickers | 2022-01-01 → 2026-01-01
2026-06-30 09:36:59,543 | INFO     | MasterPipeline | ============================================================
2026-06-30 09:36:59,543 | INFO     | MasterPipeline | ▶ Data
2026-06-30 09:36:59,543 | INFO     | DataPipeline | Loading data for 10 tickers: 2022-01-01 → 2026-01-01
2026-06-30 09:36:59,544 | ERROR    | MasterPipeline | Pipeline failed: Les données de prix sont vides. Cause probable : yfinance obsolète (Yahoo a changé son API). Corrigez avec : pip install -U 'yfinance>=1.5.1' curl_cffi
Traceback (most recent call last):
  File "/Users/martinvanderstraten/NKY_225/pipelines/master_pipeline.py", line 83, in run
    out.data = self._step(
               ^^^^^^^^^^^
  File "/Users/martinvanderstraten/NKY_225/pipelines/master_pipeline.py", line 67, in _step
    result = fn()
             ^^^^
  File "/Users/martinvanderstraten/NKY_225/pipelines/master_pipeline.py", line 84, in <lambda>
    "Data", lambda: self.data_pipe.run(self.tickers, self.start, self.end), timings
                    ^^^^^^^^^^^^^^^^^^^^^^^^^^^^^^^^^^^^^^^^^^^^^^^^^^^^^^
  File "/Users/martinvanderstraten/NKY_225/pipelines/data_pipeline.py", line 27, in run
    prices = self.ds.get_prices(tickers, start, end)
             ^^^^^^^^^^^^^^^^^^^^^^^^^^^^^^^^^^^^^^^
  File "/Users/martinvanderstraten/NKY_225/data/data_service.py", line 49, in get_prices
    return self.price_loader.load_prices(tickers, start, end)
           ^^^^^^^^^^^^^^^^^^^^^^^^^^^^^^^^^^^^^^^^^^^^^^^^^^
  File "/Users/martinvanderstraten/NKY_225/data/loaders/price_loader.py", line 93, in load_prices
    raise ValueError(
ValueError: Les données de prix sont vides. Cause probable : yfinance obsolète (Yahoo a changé son API). Corrigez avec : pip install -U 'yfinance>=1.5.1' curl_cffi
2026-06-30 09:36:59,545 | INFO     | MasterPipeline | MASTER PIPELINE COMPLETED in 0.0s | success=False
2026-06-30 09:36:59,545 | ERROR    | run | Pipeline échoué
2026-06-30 09:39:13,520 | INFO     | run | Univers : default → 10 tickers
2026-06-30 09:39:13,520 | INFO     | run | Période : 2022-01-01 → 2026-01-01
2026-06-30 09:39:14,555 | INFO     | MasterPipeline | ============================================================
2026-06-30 09:39:14,555 | INFO     | MasterPipeline | MASTER PIPELINE STARTED
2026-06-30 09:39:14,555 | INFO     | MasterPipeline | Universe: 10 tickers | 2022-01-01 → 2026-01-01
2026-06-30 09:39:14,555 | INFO     | MasterPipeline | ============================================================
2026-06-30 09:39:14,555 | INFO     | MasterPipeline | ▶ Data
2026-06-30 09:39:14,555 | INFO     | DataPipeline | Loading data for 10 tickers: 2022-01-01 → 2026-01-01
2026-06-30 09:39:15,753 | INFO     | DataPipeline | Prices shape: (10230, 6)
2026-06-30 09:39:18,934 | INFO     | DataPipeline | Fundamentals shape: (10, 174)
2026-06-30 09:39:18,947 | INFO     | DataPipeline | Returns shape: (1022, 10)
2026-06-30 09:39:18,947 | INFO     | MasterPipeline | ✓ Data (4.39s)
2026-06-30 09:39:18,947 | INFO     | MasterPipeline | ▶ Features
2026-06-30 09:39:18,948 | INFO     | FeaturePipeline | Building feature matrix...
2026-06-30 09:39:19,109 | INFO     | FeaturePipeline | Features (long): (205163, 4)
2026-06-30 09:39:19,138 | INFO     | FeaturePipeline | Features (wide): (10230, 23)
2026-06-30 09:39:19,138 | INFO     | MasterPipeline | ✓ Features (0.19s)
2026-06-30 09:39:19,138 | INFO     | MasterPipeline | ▶ Research
2026-06-30 09:39:19,138 | INFO     | ResearchPipeline | Running research pipeline...
2026-06-30 09:39:25,046 | INFO     | ResearchPipeline | Valid factors: ['bollinger_pos', 'mom_12m', 'mom_1m', 'mom_3m', 'mom_6m', 'rsi']
2026-06-30 09:39:25,047 | INFO     | MasterPipeline | ✓ Research (5.91s)
2026-06-30 09:39:25,047 | INFO     | MasterPipeline | ▶ Ideas
2026-06-30 09:39:25,047 | INFO     | IdeaPipeline | Generating ideas — regime: neutral
2026-06-30 09:39:25,047 | INFO     | InvestmentPipeline | Pipeline started
2026-06-30 09:39:25,050 | INFO     | InvestmentPipeline | Pipeline completed successfully
2026-06-30 09:39:25,050 | INFO     | IdeaPipeline | Longs: 2 | Shorts: 4
2026-06-30 09:39:25,050 | INFO     | MasterPipeline | ✓ Ideas (0.0s)
2026-06-30 09:39:25,050 | INFO     | MasterPipeline | ▶ Portfolio
2026-06-30 09:39:25,050 | INFO     | PortfolioPipeline | Construction du portefeuille — méthode: risk_parity
2026-06-30 09:39:25,060 | INFO     | PortfolioPipeline | Portefeuille: 6 longs / 4 shorts | Gross: 1.00 | Net: 0.24
2026-06-30 09:39:25,060 | INFO     | MasterPipeline | ✓ Portfolio (0.01s)
2026-06-30 09:39:25,060 | INFO     | MasterPipeline | ▶ Risk
2026-06-30 09:39:25,060 | INFO     | RiskPipeline | Computing risk metrics...
2026-06-30 09:39:25,062 | INFO     | MasterPipeline | ✓ Risk (0.0s)
2026-06-30 09:39:25,062 | INFO     | MasterPipeline | ▶ Execution
2026-06-30 09:39:25,062 | INFO     | ExecutionPipeline | Backtest mode — execution skipped
2026-06-30 09:39:25,062 | INFO     | MasterPipeline | ✓ Execution (0.0s)
2026-06-30 09:39:25,062 | INFO     | MasterPipeline | MASTER PIPELINE COMPLETED in 10.51s | success=True
2026-06-30 09:39:25,062 | INFO     | run | ━━━━━━━━━━━━━━━━━━━━━━━━━━━━━━━━━━━━━━━━━━━━━━━━━━━━━━━━━━━━
2026-06-30 09:39:25,062 | INFO     | run | RÉSULTATS PIPELINE
2026-06-30 09:39:25,062 | INFO     | run |   Longs  : 2
2026-06-30 09:39:25,062 | INFO     | run |   Shorts : 4
2026-06-30 09:39:25,062 | INFO     | run |   VaR    : 2.93%
2026-06-30 09:39:25,062 | INFO     | run |   Sharpe : 0.56
2026-06-30 09:39:25,062 | INFO     | run |   MaxDD  : -33.79%
2026-06-30 09:39:25,062 | INFO     | run | ━━━━━━━━━━━━━━━━━━━━━━━━━━━━━━━━━━━━━━━━━━━━━━━━━━━━━━━━━━━━
2026-06-30 11:40:25,734 | INFO     | run | Univers : default → 10 tickers
2026-06-30 11:40:25,734 | INFO     | run | Période : 2022-01-01 → 2026-01-01
2026-06-30 11:40:48,060 | INFO     | MasterPipeline | ============================================================
2026-06-30 11:40:48,060 | INFO     | MasterPipeline | MASTER PIPELINE STARTED
2026-06-30 11:40:48,060 | INFO     | MasterPipeline | Universe: 10 tickers | 2022-01-01 → 2026-01-01
2026-06-30 11:40:48,060 | INFO     | MasterPipeline | ============================================================
2026-06-30 11:40:48,060 | INFO     | MasterPipeline | ▶ Data
2026-06-30 11:40:48,060 | INFO     | DataPipeline | Loading data for 10 tickers: 2022-01-01 → 2026-01-01
2026-06-30 11:40:48,082 | INFO     | DataPipeline | Prices shape: (10230, 6)
2026-06-30 11:40:52,464 | INFO     | DataPipeline | Fundamentals shape: (10, 174)
2026-06-30 11:40:52,492 | INFO     | DataPipeline | Returns shape: (1022, 10)
2026-06-30 11:40:52,493 | INFO     | MasterPipeline | ✓ Data (4.43s)
2026-06-30 11:40:52,493 | INFO     | MasterPipeline | ▶ Features
2026-06-30 11:40:52,493 | INFO     | FeaturePipeline | Building feature matrix...
2026-06-30 11:40:52,687 | INFO     | FeaturePipeline | Features (long): (205163, 4)
2026-06-30 11:40:52,723 | INFO     | FeaturePipeline | Features (wide): (10230, 23)
2026-06-30 11:40:52,723 | INFO     | MasterPipeline | ✓ Features (0.23s)
2026-06-30 11:40:52,723 | INFO     | MasterPipeline | ▶ Research
2026-06-30 11:40:52,723 | INFO     | ResearchPipeline | Running research pipeline...
2026-06-30 11:40:58,899 | INFO     | ResearchPipeline | Valid factors: ['bollinger_pos', 'mom_12m', 'mom_1m', 'mom_3m', 'mom_6m', 'rsi']
2026-06-30 11:40:58,899 | INFO     | MasterPipeline | ✓ Research (6.18s)
2026-06-30 11:40:58,899 | INFO     | MasterPipeline | ▶ Ideas
2026-06-30 11:40:58,899 | INFO     | IdeaPipeline | Generating ideas — regime: neutral
2026-06-30 11:40:58,899 | INFO     | InvestmentPipeline | Pipeline started
2026-06-30 11:40:58,904 | INFO     | InvestmentPipeline | Pipeline completed successfully
2026-06-30 11:40:58,905 | INFO     | IdeaPipeline | Longs: 2 | Shorts: 4
2026-06-30 11:40:58,905 | INFO     | MasterPipeline | ✓ Ideas (0.01s)
2026-06-30 11:40:58,905 | INFO     | MasterPipeline | ▶ Portfolio
2026-06-30 11:40:58,905 | INFO     | PortfolioPipeline | Construction du portefeuille — méthode: risk_parity
2026-06-30 11:40:58,917 | INFO     | PortfolioPipeline | Portefeuille: 6 longs / 4 shorts | Gross: 1.00 | Net: 0.24
2026-06-30 11:40:58,917 | INFO     | MasterPipeline | ✓ Portfolio (0.01s)
2026-06-30 11:40:58,917 | INFO     | MasterPipeline | ▶ Risk
2026-06-30 11:40:58,917 | INFO     | RiskPipeline | Computing risk metrics...
2026-06-30 11:40:58,919 | INFO     | MasterPipeline | ✓ Risk (0.0s)
2026-06-30 11:40:58,919 | INFO     | MasterPipeline | ▶ Execution
2026-06-30 11:40:58,919 | INFO     | ExecutionPipeline | Backtest mode — execution skipped
2026-06-30 11:40:58,919 | INFO     | MasterPipeline | ✓ Execution (0.0s)
2026-06-30 11:40:58,919 | INFO     | MasterPipeline | MASTER PIPELINE COMPLETED in 10.86s | success=True
2026-06-30 11:40:58,919 | INFO     | run | ━━━━━━━━━━━━━━━━━━━━━━━━━━━━━━━━━━━━━━━━━━━━━━━━━━━━━━━━━━━━
2026-06-30 11:40:58,919 | INFO     | run | RÉSULTATS PIPELINE
2026-06-30 11:40:58,919 | INFO     | run |   Longs  : 2
2026-06-30 11:40:58,919 | INFO     | run |   Shorts : 4
2026-06-30 11:40:58,919 | INFO     | run |   VaR    : 2.93%
2026-06-30 11:40:58,919 | INFO     | run |   Sharpe : 0.56
2026-06-30 11:40:58,919 | INFO     | run |   MaxDD  : -33.79%
2026-06-30 11:40:58,919 | INFO     | run | ━━━━━━━━━━━━━━━━━━━━━━━━━━━━━━━━━━━━━━━━━━━━━━━━━━━━━━━━━━━━
